[+] Containers:
 |- [+] Container: /Game/ThirdPerson/Maps/ThirdPersonMap
 |   |- [+] ActorDescs:
 |   |   |- Guid:0121FD3046FB5BD75AE9CD882DEDF5C4 BaseClass: NativeClass:/Script/Engine.StaticMeshActor Name:StaticMeshActor_UAID_E00AF68704C051DD01_1777603813 Label:WallDecoration3 SpatiallyLoaded:1 Bounds:IsValid=true, Min=(X=2242.500 Y=-130.500 Z=303.000), Max=(X=2317.500 Y=-105.500 Z=403.000) RuntimeGrid:None EditorOnly:0 RuntimeOnly:0 HLODRelevant:1 ListedInSceneOutliner:1 IsMainWorldOnly:0
 |   |   |- Guid:053BFBD44B0F396BAA55A28208FF4FFE BaseClass: NativeClass:/Script/Engine.StaticMeshActor Name:StaticMeshActor_UAID_E00AF68704C065DB01_1419496210 Label:NenesKitchen_rough SpatiallyLoaded:1 Bounds:IsValid=true, Min=(X=3001.010 Y=-1359.934 Z=2046.959), Max=(X=6957.156 Y=4345.788 Z=3247.795) RuntimeGrid:None EditorOnly:0 RuntimeOnly:0 HLODRelevant:1 ListedInSceneOutliner:1 IsMainWorldOnly:0
 |   |   |- Guid:0B52B8D24F1AB9544EB964981F9C38F0 BaseClass: NativeClass:/Script/Engine.StaticMeshActor Name:StaticMeshActor_UAID_E00AF68704C051DD01_1636570811 Label:WallDecoration SpatiallyLoaded:1 Bounds:IsValid=true, Min=(X=41.500 Y=2286.500 Z=209.500), Max=(X=66.500 Y=2711.500 Z=384.500) RuntimeGrid:None EditorOnly:0 RuntimeOnly:0 HLODRelevant:1 ListedInSceneOutliner:1 IsMainWorldOnly:0
 |   |   |- Guid:10A9B4854D0787DAAA6E47AD2299372A BaseClass: NativeClass:/Script/Engine.StaticMeshActor Name:StaticMeshActor_UAID_E00AF68704C047DD01_1279733031 Label:SideWall2 SpatiallyLoaded:1 Bounds:IsValid=true, Min=(X=2430.000 Y=-1082.000 Z=-50.500), Max=(X=2480.000 Y=4118.000 Z=474.500) RuntimeGrid:None EditorOnly:0 RuntimeOnly:0 HLODRelevant:1 ListedInSceneOutliner:1 IsMainWorldOnly:0
 |   |   |- Guid:12C30BF94397297CC5A73EA3BA5B444B BaseClass:/Game/Interactable/BP_Board.BP_Board_C NativeClass:/Script/Engine.Actor Name:BP_Board_C_UAID_E00AF66AD68238D901_1083968167 Label:BP_Board SpatiallyLoaded:1 Bounds:IsValid=true, Min=(X=881.000 Y=1735.000 Z=64.000), Max=(X=993.000 Y=1847.000 Z=80.000) RuntimeGrid:None EditorOnly:0 RuntimeOnly:0 HLODRelevant:0 ListedInSceneOutliner:1 IsMainWorldOnly:0
 |   |   |- Guid:1CD1533F49F31F6A4D4C408121053E78 BaseClass: NativeClass:/Script/Engine.StaticMeshActor Name:StaticMeshActor_UAID_E00AF68704C04FDD01_1312332446 Label:Shelf14 SpatiallyLoaded:1 Bounds:IsValid=true, Min=(X=2200.000 Y=544.000 Z=3.500), Max=(X=2500.000 Y=1144.000 Z=128.500) RuntimeGrid:None EditorOnly:0 RuntimeOnly:0 HLODRelevant:1 ListedInSceneOutliner:1 IsMainWorldOnly:0
 |   |   |- Guid:1EA26FF6486D3B574FEED4851835F11F BaseClass:/Game/Characters/grandma-fighting/BP_Spline.BP_Spline_C NativeClass:/Script/Engine.Actor Name:BP_Spline_C_UAID_E00AF66AD68269D701_1207211679 Label:BP_Spline SpatiallyLoaded:1 Bounds:IsValid=true, Min=(X=885.119 Y=270.105 Z=-19.048), Max=(X=2140.349 Y=448.422 Z=171.831) RuntimeGrid:None EditorOnly:0 RuntimeOnly:0 HLODRelevant:0 ListedInSceneOutliner:1 IsMainWorldOnly:0
 |   |   |- Guid:225B23B44572C6E01862D0A2A79A3E45 BaseClass: NativeClass:/Script/Engine.StaticMeshActor Name:StaticMeshActor_UAID_E00AF68704C04DDD01_1881622090 Label:Chair3 SpatiallyLoaded:1 Bounds:IsValid=true, Min=(X=1247.647 Y=1981.787 Z=9.500), Max=(X=1372.647 Y=2106.787 Z=184.500) RuntimeGrid:None EditorOnly:0 RuntimeOnly:0 HLODRelevant:1 ListedInSceneOutliner:1 IsMainWorldOnly:0
 |   |   |- Guid:273EB35248F356CC8C5A37A87901D7BB BaseClass: NativeClass:/Script/Engine.StaticMeshActor Name:StaticMeshActor_UAID_E00AF68704C051DD01_1742688812 Label:WallDecoration2 SpatiallyLoaded:1 Bounds:IsValid=true, Min=(X=42.500 Y=169.500 Z=297.000), Max=(X=67.500 Y=594.500 Z=347.000) RuntimeGrid:None EditorOnly:0 RuntimeOnly:0 HLODRelevant:1 ListedInSceneOutliner:1 IsMainWorldOnly:0
 |   |   |- Guid:2A8C800F4742A91C1496D68C47DD6615 BaseClass: NativeClass:/Script/Engine.StaticMeshActor Name:StaticMeshActor_UAID_E00AF68704C04FDD01_1330241447 Label:Shelf15 SpatiallyLoaded:1 Bounds:IsValid=true, Min=(X=2189.500 Y=300.000 Z=-21.500), Max=(X=2464.500 Y=550.000 Z=153.500) RuntimeGrid:None EditorOnly:0 RuntimeOnly:0 HLODRelevant:1 ListedInSceneOutliner:1 IsMainWorldOnly:0
 |   |   |- Guid:2C6D4857462D7C189909118085568439 BaseClass: NativeClass:/Script/Engine.StaticMeshActor Name:StaticMeshActor_UAID_E00AF68704C06CDB01_1353920455 Label:Shelf13 SpatiallyLoaded:1 Bounds:IsValid=true, Min=(X=738.000 Y=1122.750 Z=3.500), Max=(X=1338.000 Y=1347.750 Z=128.500) RuntimeGrid:None EditorOnly:0 RuntimeOnly:0 HLODRelevant:1 ListedInSceneOutliner:1 IsMainWorldOnly:0
 |   |   |- Guid:2D328F2747DF52B3A4AEC3B7BE9C1216 BaseClass: NativeClass:/Script/Engine.StaticMeshActor Name:StaticMeshActor_UAID_E00AF68704C04FDD01_1529705450 Label:Chair7 SpatiallyLoaded:1 Bounds:IsValid=true, Min=(X=1852.647 Y=1457.787 Z=19.500), Max=(X=1977.647 Y=1582.787 Z=94.500) RuntimeGrid:None EditorOnly:0 RuntimeOnly:0 HLODRelevant:1 ListedInSceneOutliner:1 IsMainWorldOnly:0
 |   |   |- Guid:2E0C4DBF4EC731689537B0BD693DD877 BaseClass:/Game/Interactable/BP_Table.BP_Table_C NativeClass:/Script/Engine.Actor Name:BP_Table_C_UAID_E00AF66AD682FDD801_1422165784 Label:BP_Table SpatiallyLoaded:1 Bounds:IsValid=true, Min=(X=1002.000 Y=576.000 Z=-6.000), Max=(X=1114.000 Y=688.000 Z=106.000) RuntimeGrid:None EditorOnly:0 RuntimeOnly:0 HLODRelevant:0 ListedInSceneOutliner:1 IsMainWorldOnly:0
 |   |   |- Guid:2ED2572C4B79117BA42639A7464B3A9D BaseClass: NativeClass:/Script/Engine.StaticMeshActor Name:StaticMeshActor_UAID_E00AF68704C050DD01_1365876631 Label:Shelf20 SpatiallyLoaded:1 Bounds:IsValid=true, Min=(X=699.000 Y=-123.000 Z=3.500), Max=(X=1299.000 Y=127.000 Z=128.500) RuntimeGrid:None EditorOnly:0 RuntimeOnly:0 HLODRelevant:1 ListedInSceneOutliner:1 IsMainWorldOnly:0
 |   |   |- Guid:2FB58999456391D349DC0F86DAC136ED BaseClass: NativeClass:/Script/Engine.SkyLight Name:SkyLight_1 Label:SkyLight SpatiallyLoaded:0 Bounds:IsValid=true, Min=(X=0.000 Y=0.000 Z=690.000), Max=(X=0.000 Y=0.000 Z=690.000) RuntimeGrid:None EditorOnly:0 RuntimeOnly:0 HLODRelevant:0 ListedInSceneOutliner:1 IsMainWorldOnly:0 FolderPath:Lighting FolderGuid:963EC3EB4002CCE9759E2EBA541A873A
 |   |   |- Guid:316CF2A6494ACA4C0E4180A87D36AB8F BaseClass: NativeClass:/Script/Engine.ExponentialHeightFog Name:ExponentialHeightFog_0 Label:ExponentialHeightFog SpatiallyLoaded:0 Bounds:IsValid=true, Min=(X=-5600.000 Y=-50.000 Z=-6850.000), Max=(X=-5600.000 Y=-50.000 Z=-6850.000) RuntimeGrid:None EditorOnly:0 RuntimeOnly:0 HLODRelevant:0 ListedInSceneOutliner:1 IsMainWorldOnly:0 FolderPath:Lighting FolderGuid:963EC3EB4002CCE9759E2EBA541A873A
 |   |   |- Guid:3A00AA1C422CE54C0BDB60BAF471BFBB BaseClass: NativeClass:/Script/Engine.PlayerStart Name:PlayerStart_0 Label:PlayerStart SpatiallyLoaded:0 Bounds:IsValid=true, Min=(X=860.000 Y=1070.000 Z=0.013), Max=(X=940.000 Y=1150.000 Z=184.013) RuntimeGrid:None EditorOnly:0 RuntimeOnly:0 HLODRelevant:0 ListedInSceneOutliner:1 IsMainWorldOnly:0
 |   |   |- Guid:4954A3EE45D59D10CDF20C9CA0042E1B BaseClass: NativeClass:/Script/Engine.StaticMeshActor Name:StaticMeshActor_UAID_E00AF68704C070DB01_1336357169 Label:Tables2 SpatiallyLoaded:1 Bounds:IsValid=true, Min=(X=146.654 Y=1634.476 Z=4.500), Max=(X=1071.654 Y=3234.476 Z=29.500) RuntimeGrid:None EditorOnly:0 RuntimeOnly:0 HLODRelevant:1 ListedInSceneOutliner:1 IsMainWorldOnly:0
 |   |   |- Guid:4D3BE93F4146AAAC8BBE79999D96D57F BaseClass: NativeClass:/Script/Engine.VolumetricCloud Name:VolumetricCloud_0 Label:VolumetricCloud SpatiallyLoaded:0 Bounds:IsValid=true, Min=(X=0.000 Y=0.000 Z=820.000), Max=(X=0.000 Y=0.000 Z=820.000) RuntimeGrid:None EditorOnly:0 RuntimeOnly:0 HLODRelevant:0 ListedInSceneOutliner:1 IsMainWorldOnly:0 FolderPath:Lighting FolderGuid:963EC3EB4002CCE9759E2EBA541A873A
 |   |   |- Guid:56B03BA64CD05B96497E28AF8781AC4D BaseClass: NativeClass:/Script/Engine.StaticMeshActor Name:StaticMeshActor_UAID_E00AF68704C047DD01_1358288032 Label:BackWalll2 SpatiallyLoaded:1 Bounds:IsValid=true, Min=(X=-641.500 Y=3099.000 Z=-52.500), Max=(X=2733.500 Y=3149.000 Z=472.500) RuntimeGrid:None EditorOnly:0 RuntimeOnly:0 HLODRelevant:1 ListedInSceneOutliner:1 IsMainWorldOnly:0
 |   |   |- Guid:5B97F4A64FB21F77EFC44386BF705B4C BaseClass: NativeClass:/Script/Engine.TextRenderActor Name:TextRenderActor_1 Label:TextRenderActor SpatiallyLoaded:1 Bounds:IsValid=true, Min=(X=199.900 Y=1100.000 Z=65.013), Max=(X=199.900 Y=2392.308 Z=215.013) RuntimeGrid:None EditorOnly:0 RuntimeOnly:0 HLODRelevant:0 ListedInSceneOutliner:1 IsMainWorldOnly:0
 |   |   |- Guid:5C6E80E247BA3D0716A96A97806C1E2A BaseClass: NativeClass:/Script/Engine.StaticMeshActor Name:StaticMeshActor_UAID_E00AF68704C051DD01_1922028815 Label:WallDecoration5 SpatiallyLoaded:1 Bounds:IsValid=true, Min=(X=2415.500 Y=2887.500 Z=303.000), Max=(X=2440.500 Y=2962.500 Z=403.000) RuntimeGrid:None EditorOnly:0 RuntimeOnly:0 HLODRelevant:1 ListedInSceneOutliner:1 IsMainWorldOnly:0
 |   |   |- Guid:61E7DF8A4B9AC65764F7F28314ECE000 BaseClass: NativeClass:/Script/Engine.StaticMeshActor Name:StaticMeshActor_UAID_E00AF68704C06CDB01_1417932456 Label:Fridge2 SpatiallyLoaded:1 Bounds:IsValid=true, Min=(X=513.500 Y=1118.500 Z=-3.000), Max=(X=738.500 Y=1343.500 Z=497.000) RuntimeGrid:None EditorOnly:0 RuntimeOnly:0 HLODRelevant:1 ListedInSceneOutliner:1 IsMainWorldOnly:0
 |   |   |- Guid:62F024EF4EE407BC111955BAB0DC5374 BaseClass: NativeClass:/Script/Engine.StaticMeshActor Name:StaticMeshActor_UAID_E00AF68704C04FDD01_1529707451 Label:Chair8 SpatiallyLoaded:1 Bounds:IsValid=true, Min=(X=1463.647 Y=1458.787 Z=19.500), Max=(X=1588.647 Y=1583.787 Z=94.500) RuntimeGrid:None EditorOnly:0 RuntimeOnly:0 HLODRelevant:1 ListedInSceneOutliner:1 IsMainWorldOnly:0
 |   |   |- Guid:63C72BBE4EC3EE7BB7A88F924AE70FEE BaseClass: NativeClass:/Script/Engine.StaticMeshActor Name:StaticMeshActor_UAID_E00AF68704C051DD01_1821293814 Label:WallDecoration4 SpatiallyLoaded:1 Bounds:IsValid=true, Min=(X=2317.000 Y=-129.500 Z=201.500), Max=(X=2367.000 Y=-104.500 Z=276.500) RuntimeGrid:None EditorOnly:0 RuntimeOnly:0 HLODRelevant:1 ListedInSceneOutliner:1 IsMainWorldOnly:0
 |   |   |- Guid:66F9AD10460B45B21DECB29C130B4B04 BaseClass: NativeClass:/Script/Engine.StaticMeshActor Name:StaticMeshActor_UAID_E00AF68704C06FDB01_2137959987 Label:Chair SpatiallyLoaded:1 Bounds:IsValid=true, Min=(X=1863.647 Y=1979.787 Z=9.500), Max=(X=1988.647 Y=2104.787 Z=184.500) RuntimeGrid:None EditorOnly:0 RuntimeOnly:0 HLODRelevant:1 ListedInSceneOutliner:1 IsMainWorldOnly:0
 |   |   |- Guid:6BAF4DDD444C60371492D3919DB42C97 BaseClass: NativeClass:/Script/Engine.WorldDataLayers Name:WorldDataLayers Label:WorldDataLayers SpatiallyLoaded:0 Bounds:IsValid=true, Min=(X=0.000 Y=0.000 Z=0.000), Max=(X=0.000 Y=0.000 Z=0.000) RuntimeGrid:None EditorOnly:0 RuntimeOnly:0 HLODRelevant:0 ListedInSceneOutliner:1 IsMainWorldOnly:1
 |   |   |- Guid:745A095B4BA4E157E4537FA63F5B7B43 BaseClass: NativeClass:/Script/Engine.StaticMeshActor Name:StaticMeshActor_2 Label:SM_ChamferCube SpatiallyLoaded:1 Bounds:IsValid=true, Min=(X=699.000 Y=2000.000 Z=18.013), Max=(X=799.000 Y=2100.000 Z=118.013) RuntimeGrid:None EditorOnly:0 RuntimeOnly:0 HLODRelevant:0 ListedInSceneOutliner:1 IsMainWorldOnly:0
 |   |   |- Guid:7661103D44172FF53FBC3E8061065808 BaseClass: NativeClass:/Script/Engine.StaticMeshActor Name:StaticMeshActor_UAID_E00AF68704C04FDD01_1717914453 Label:Shelf18 SpatiallyLoaded:1 Bounds:IsValid=true, Min=(X=1483.500 Y=-122.833 Z=3.500), Max=(X=2208.500 Y=127.167 Z=128.500) RuntimeGrid:None EditorOnly:0 RuntimeOnly:0 HLODRelevant:1 ListedInSceneOutliner:1 IsMainWorldOnly:0
 |   |   |- Guid:8B53B87B4121EBD7E4E64CBCD151B6F0 BaseClass: NativeClass:/Script/Engine.StaticMeshActor Name:StaticMeshActor_UAID_E00AF68704C04DDD01_1923659091 Label:Chair4 SpatiallyLoaded:1 Bounds:IsValid=true, Min=(X=1864.647 Y=2694.787 Z=9.500), Max=(X=1989.647 Y=2819.787 Z=184.500) RuntimeGrid:None EditorOnly:0 RuntimeOnly:0 HLODRelevant:1 ListedInSceneOutliner:1 IsMainWorldOnly:0
 |   |   |- Guid:914394A946202964D3C6CD9EED698A4F BaseClass: NativeClass:/Script/Engine.StaticMeshActor Name:StaticMeshActor_UAID_E00AF68704C050DD01_1483880633 Label:Shelf21 SpatiallyLoaded:1 Bounds:IsValid=true, Min=(X=341.500 Y=-91.000 Z=25.500), Max=(X=416.500 Y=9.000 Z=100.500) RuntimeGrid:None EditorOnly:0 RuntimeOnly:0 HLODRelevant:1 ListedInSceneOutliner:1 IsMainWorldOnly:0
 |   |   |- Guid:94D817D241B0FF281CB5A580E22B9F4B BaseClass: NativeClass:/Script/Engine.StaticMeshActor Name:StaticMeshActor_UAID_E00AF68704C051DD01_1955741816 Label:WallDecoration6 SpatiallyLoaded:1 Bounds:IsValid=true, Min=(X=2416.500 Y=2786.500 Z=228.000), Max=(X=2441.500 Y=2861.500 Z=328.000) RuntimeGrid:None EditorOnly:0 RuntimeOnly:0 HLODRelevant:1 ListedInSceneOutliner:1 IsMainWorldOnly:0
 |   |   |- Guid:97A69E9B4FFE795B09DFD19EBC7E078B BaseClass: NativeClass:/Script/Engine.StaticMeshActor Name:StaticMeshActor_UAID_E00AF68704C06CDB01_1339101453 Label:Shelf11 SpatiallyLoaded:1 Bounds:IsValid=true, Min=(X=1879.000 Y=1123.000 Z=3.500), Max=(X=2479.000 Y=1348.000 Z=128.500) RuntimeGrid:None EditorOnly:0 RuntimeOnly:0 HLODRelevant:1 ListedInSceneOutliner:1 IsMainWorldOnly:0
 |   |   |- Guid:9BFF363746062F457E2F92A4631DBA20 BaseClass: NativeClass:/Script/Engine.StaticMeshActor Name:StaticMeshActor_11 Label:SM_ChamferCube3 SpatiallyLoaded:1 Bounds:IsValid=true, Min=(X=481.699 Y=2271.699 Z=0.013), Max=(X=618.301 Y=2408.301 Z=100.013) RuntimeGrid:None EditorOnly:0 RuntimeOnly:0 HLODRelevant:0 ListedInSceneOutliner:1 IsMainWorldOnly:0
 |   |   |- Guid:A85C70F1434671C6225DCFB7BE547DC7 BaseClass:/Game/Interactable/Chest/BP_Chest.BP_Chest_C NativeClass:/Script/Engine.Actor Name:BP_Chest_C_UAID_E00AF66AD68235D901_2123611639 Label:BP_Chest SpatiallyLoaded:1 Bounds:IsValid=true, Min=(X=1101.000 Y=791.000 Z=-42.000), Max=(X=1245.000 Y=935.000 Z=102.000) RuntimeGrid:None EditorOnly:0 RuntimeOnly:0 HLODRelevant:0 ListedInSceneOutliner:1 IsMainWorldOnly:0
 |   |   |- Guid:AAC69D624D2E37125404AE8138BBBDFF BaseClass: NativeClass:/Script/Engine.StaticMeshActor Name:StaticMeshActor_UAID_E00AF68704C04DDD01_1923660092 Label:Chair5 SpatiallyLoaded:1 Bounds:IsValid=true, Min=(X=1552.647 Y=2695.787 Z=9.500), Max=(X=1677.647 Y=2820.787 Z=184.500) RuntimeGrid:None EditorOnly:0 RuntimeOnly:0 HLODRelevant:1 ListedInSceneOutliner:1 IsMainWorldOnly:0
 |   |   |- Guid:AB5668574038F79AC12E178A94FA4402 BaseClass: NativeClass:/Script/Engine.StaticMeshActor Name:StaticMeshActor_UAID_E00AF68704C04FDD01_1529708452 Label:Chair9 SpatiallyLoaded:1 Bounds:IsValid=true, Min=(X=1049.647 Y=1459.787 Z=19.500), Max=(X=1174.647 Y=1584.787 Z=94.500) RuntimeGrid:None EditorOnly:0 RuntimeOnly:0 HLODRelevant:1 ListedInSceneOutliner:1 IsMainWorldOnly:0
 |   |   |- Guid:B048E4EF49482301ABCF45B265519CFF BaseClass: NativeClass:/Script/Engine.StaticMeshActor Name:StaticMeshActor_UAID_E00AF68704C04FDD01_1365698448 Label:Shelf16 SpatiallyLoaded:1 Bounds:IsValid=true, Min=(X=2201.000 Y=-286.000 Z=3.500), Max=(X=2501.000 Y=314.000 Z=128.500) RuntimeGrid:None EditorOnly:0 RuntimeOnly:0 HLODRelevant:1 ListedInSceneOutliner:1 IsMainWorldOnly:0
 |   |   |- Guid:B06BF12C4CF259001E5892A647BE821B BaseClass: NativeClass:/Script/Engine.StaticMeshActor Name:StaticMeshActor_UAID_E00AF68704C06BDB01_1168689255 Label:Floor SpatiallyLoaded:1 Bounds:IsValid=true, Min=(X=-2.500 Y=-347.000 Z=-77.000), Max=(X=2572.500 Y=3353.000 Z=23.000) RuntimeGrid:None EditorOnly:0 RuntimeOnly:0 HLODRelevant:1 ListedInSceneOutliner:1 IsMainWorldOnly:0
 |   |   |- Guid:B25EF63A401BF6500F50F2A3803DBD9A BaseClass: NativeClass:/Script/LevelSequence.LevelSequenceActor Name:LevelSequenceActor_UAID_E00AF66AD6820AD901_1979307073 Label:Tryingsumout SpatiallyLoaded:0 Bounds:IsValid=true, Min=(X=844.000 Y=941.000 Z=-209.000), Max=(X=844.000 Y=941.000 Z=-209.000) RuntimeGrid:None EditorOnly:0 RuntimeOnly:0 HLODRelevant:0 ListedInSceneOutliner:1 IsMainWorldOnly:0
 |   |   |- Guid:B785ED2844B84CFB91E7F39FE661CD99 BaseClass: NativeClass:/Script/Engine.DirectionalLight Name:DirectionalLight_0 Label:DirectionalLight SpatiallyLoaded:0 Bounds:IsValid=true, Min=(X=-1048576.000 Y=-1048576.000 Z=-1048576.000), Max=(X=1048576.000 Y=1048576.000 Z=1048576.000) RuntimeGrid:None EditorOnly:0 RuntimeOnly:0 HLODRelevant:0 ListedInSceneOutliner:1 IsMainWorldOnly:0 FolderPath:Lighting FolderGuid:963EC3EB4002CCE9759E2EBA541A873A
 |   |   |- Guid:BA2E2CD24606DC43B56988B0A08B3E78 BaseClass: NativeClass:/Script/Engine.StaticMeshActor Name:StaticMeshActor_UAID_E00AF68704C04DDD01_1876932089 Label:Chair2 SpatiallyLoaded:1 Bounds:IsValid=true, Min=(X=1551.647 Y=1980.787 Z=9.500), Max=(X=1676.647 Y=2105.787 Z=184.500) RuntimeGrid:None EditorOnly:0 RuntimeOnly:0 HLODRelevant:1 ListedInSceneOutliner:1 IsMainWorldOnly:0
 |   |   |- Guid:BCF561F6470C4C08D9231CB85F87A093 BaseClass: NativeClass:/Script/Engine.StaticMeshActor Name:StaticMeshActor_UAID_E00AF68704C06BDB01_1530566260 Label:SideWall1 SpatiallyLoaded:1 Bounds:IsValid=true, Min=(X=-3.000 Y=-1083.000 Z=-50.500), Max=(X=47.000 Y=4117.000 Z=474.500) RuntimeGrid:None EditorOnly:0 RuntimeOnly:0 HLODRelevant:1 ListedInSceneOutliner:1 IsMainWorldOnly:0
 |   |   |- Guid:C637094546CDA851D5CCCDA83519C72A BaseClass: NativeClass:/Script/Engine.StaticMeshActor Name:StaticMeshActor_UAID_E00AF68704C050DD01_1317267630 Label:Shelf19 SpatiallyLoaded:1 Bounds:IsValid=true, Min=(X=1276.500 Y=-107.667 Z=-21.500), Max=(X=1501.500 Y=142.333 Z=153.500) RuntimeGrid:None EditorOnly:0 RuntimeOnly:0 HLODRelevant:1 ListedInSceneOutliner:1 IsMainWorldOnly:0
 |   |   |- Guid:C9654738479E421A48325292EF6B9D6C BaseClass:/Game/BP_Grabbable.BP_Grabbable_C NativeClass:/Script/Engine.Actor Name:BP_Grabbable_C_UAID_E00AF66AD682F1D801_1505001671 Label:BP_Grabbable SpatiallyLoaded:1 Bounds:IsValid=true, Min=(X=640.174 Y=785.000 Z=174.188), Max=(X=711.826 Y=865.000 Z=224.000) RuntimeGrid:None EditorOnly:0 RuntimeOnly:0 HLODRelevant:0 ListedInSceneOutliner:1 IsMainWorldOnly:0
 |   |   |- Guid:CC1478D34EF27FA2D986AB81A50B56E3 BaseClass: NativeClass:/Script/Engine.StaticMeshActor Name:StaticMeshActor_UAID_E00AF68704C06CDB01_1347151454 Label:Shelf12 SpatiallyLoaded:1 Bounds:IsValid=true, Min=(X=1304.000 Y=1122.500 Z=3.500), Max=(X=1904.000 Y=1347.500 Z=128.500) RuntimeGrid:None EditorOnly:0 RuntimeOnly:0 HLODRelevant:1 ListedInSceneOutliner:1 IsMainWorldOnly:0
 |   |   |- Guid:CCFF262C46EEFFDF319E7F9539CE697E BaseClass: NativeClass:/Script/Engine.SkyAtmosphere Name:SkyAtmosphere_0 Label:SkyAtmosphere SpatiallyLoaded:0 Bounds:IsValid=true, Min=(X=0.000 Y=0.000 Z=1020.000), Max=(X=0.000 Y=0.000 Z=1020.000) RuntimeGrid:None EditorOnly:0 RuntimeOnly:0 HLODRelevant:0 ListedInSceneOutliner:1 IsMainWorldOnly:0 FolderPath:Lighting FolderGuid:963EC3EB4002CCE9759E2EBA541A873A
 |   |   |- Guid:CFB075DE464894DF75AFE49C097F2933 BaseClass:/Game/Interactable/BP_Grabbable.BP_Grabbable_C NativeClass:/Script/Engine.Actor Name:BP_Grabbable_C_UAID_E00AF66AD682F1D801_1510183672 Label:BP_Grabbable2 SpatiallyLoaded:1 Bounds:IsValid=true, Min=(X=226.800 Y=448.613 Z=170.501), Max=(X=298.452 Y=528.613 Z=220.314) RuntimeGrid:None EditorOnly:0 RuntimeOnly:0 HLODRelevant:0 ListedInSceneOutliner:1 IsMainWorldOnly:0
 |   |   |- Guid:E01385524F5D5F0ACE430E81E910B11E BaseClass: NativeClass:/Script/Engine.StaticMeshActor Name:StaticMeshActor_UAID_E00AF68704C06FDB01_1938930986 Label:Tables SpatiallyLoaded:1 Bounds:IsValid=true, Min=(X=1182.654 Y=2182.476 Z=-15.000), Max=(X=2057.654 Y=2632.476 Z=135.000) RuntimeGrid:None EditorOnly:0 RuntimeOnly:0 HLODRelevant:1 ListedInSceneOutliner:1 IsMainWorldOnly:0
 |   |   |- Guid:E0FD6ED547EDE2E7B06644B773B649F6 BaseClass: NativeClass:/Script/Engine.StaticMeshActor Name:StaticMeshActor_UAID_E00AF68704C050DD01_1378917632 Label:Fridge3 SpatiallyLoaded:1 Bounds:IsValid=true, Min=(X=498.000 Y=-133.500 Z=22.500), Max=(X=698.000 Y=91.500 Z=297.500) RuntimeGrid:None EditorOnly:0 RuntimeOnly:0 HLODRelevant:1 ListedInSceneOutliner:1 IsMainWorldOnly:0
 |   |   |- Guid:E3CF250A434DBE437F66369E5431C70D BaseClass: NativeClass:/Script/Engine.StaticMeshActor Name:StaticMeshActor_UAID_E00AF68704C06BDB01_1434289259 Label:BackWalll SpatiallyLoaded:1 Bounds:IsValid=true, Min=(X=-642.500 Y=-166.000 Z=-52.500), Max=(X=2732.500 Y=-116.000 Z=472.500) RuntimeGrid:None EditorOnly:0 RuntimeOnly:0 HLODRelevant:1 ListedInSceneOutliner:1 IsMainWorldOnly:0
 |   |   |- Guid:E73E39994140315EB81324BF0A5D6400 BaseClass: NativeClass:/Script/Engine.StaticMeshActor Name:StaticMeshActor_10 Label:SM_ChamferCube2 SpatiallyLoaded:1 Bounds:IsValid=true, Min=(X=295.077 Y=2441.077 Z=0.013), Max=(X=410.923 Y=2556.923 Z=100.013) RuntimeGrid:None EditorOnly:0 RuntimeOnly:0 HLODRelevant:0 ListedInSceneOutliner:1 IsMainWorldOnly:0
 |   |   |- Guid:EC3FD028494F0803E038E3B6034924E2 BaseClass: NativeClass:/Script/Engine.StaticMeshActor Name:StaticMeshActor_UAID_E00AF68704C051DD01_2060250818 Label:Shelf23 SpatiallyLoaded:1 Bounds:IsValid=true, Min=(X=2401.000 Y=297.000 Z=142.000), Max=(X=2451.000 Y=547.000 Z=192.000) RuntimeGrid:None EditorOnly:0 RuntimeOnly:0 HLODRelevant:1 ListedInSceneOutliner:1 IsMainWorldOnly:0
 |   |   |- Guid:F23675224131CBEB23575F940B6C433A BaseClass:/Game/Interactable/BP_Grabbable_Child.BP_Grabbable_Child_C NativeClass:/Script/Engine.Actor Name:BP_Grabbable_Child_C_UAID_E00AF66AD68237D901_1679405992 Label:BP_Grabbable_Child2 SpatiallyLoaded:1 Bounds:IsValid=true, Min=(X=421.174 Y=722.000 Z=39.168), Max=(X=492.826 Y=802.000 Z=90.000) RuntimeGrid:None EditorOnly:0 RuntimeOnly:0 HLODRelevant:0 ListedInSceneOutliner:1 IsMainWorldOnly:0
 |   |   |- Guid:F5E3FEB3450C49844FD93DA8E083C8AD BaseClass: NativeClass:/Script/Engine.PostProcessVolume Name:PostProcessVolume_0 Label:PostProcessVolume SpatiallyLoaded:0 Bounds:IsValid=true, Min=(X=0.000 Y=0.000 Z=400.000), Max=(X=200.000 Y=200.000 Z=600.000) RuntimeGrid:None EditorOnly:0 RuntimeOnly:0 HLODRelevant:0 ListedInSceneOutliner:1 IsMainWorldOnly:0 FolderPath:Lighting FolderGuid:963EC3EB4002CCE9759E2EBA541A873A
 |   |   |- Guid:F88294944031A53DC4B8399A9FE0C5B8 BaseClass: NativeClass:/Script/Engine.StaticMeshActor Name:StaticMeshActor_UAID_E00AF68704C051DD01_1480981810 Label:Fridge4 SpatiallyLoaded:1 Bounds:IsValid=true, Min=(X=348.000 Y=3047.500 Z=22.500), Max=(X=598.000 Y=3172.500 Z=297.500) RuntimeGrid:None EditorOnly:0 RuntimeOnly:0 HLODRelevant:1 ListedInSceneOutliner:1 IsMainWorldOnly:0
 |   |   |- Guid:FE4DF3164E1E4258EE880D8F5BCE01E9 BaseClass: NativeClass:/Script/Engine.StaticMeshActor Name:StaticMeshActor_UAID_E00AF68704C04DDD01_1923661093 Label:Chair6 SpatiallyLoaded:1 Bounds:IsValid=true, Min=(X=1248.647 Y=2696.787 Z=9.500), Max=(X=1373.647 Y=2821.787 Z=184.500) RuntimeGrid:None EditorOnly:0 RuntimeOnly:0 HLODRelevant:1 ListedInSceneOutliner:1 IsMainWorldOnly:0
 |   |   |- Guid:FFA57A554E69BC61572ABE9FC4E4AD73 BaseClass: NativeClass:/Script/Engine.StaticMeshActor Name:StaticMeshActor_UAID_E00AF68704C051DD01_2003846817 Label:Shelf22 SpatiallyLoaded:1 Bounds:IsValid=true, Min=(X=1278.500 Y=-131.000 Z=139.000), Max=(X=1503.500 Y=-81.000 Z=189.000) RuntimeGrid:None EditorOnly:0 RuntimeOnly:0 HLODRelevant:1 ListedInSceneOutliner:1 IsMainWorldOnly:0
 |   |- [+] Clusters:
 |   |   |- [+] [  0]
 |   |   |   |- Guid:0121FD3046FB5BD75AE9CD882DEDF5C4 BaseClass: NativeClass:/Script/Engine.StaticMeshActor Name:StaticMeshActor_UAID_E00AF68704C051DD01_1777603813 Label:WallDecoration3 SpatiallyLoaded:1 Bounds:IsValid=true, Min=(X=2242.500 Y=-130.500 Z=303.000), Max=(X=2317.500 Y=-105.500 Z=403.000) RuntimeGrid:None EditorOnly:0 RuntimeOnly:0 HLODRelevant:1 ListedInSceneOutliner:1 IsMainWorldOnly:0
 |   |   |- [+] [  1]
 |   |   |   |- Guid:053BFBD44B0F396BAA55A28208FF4FFE BaseClass: NativeClass:/Script/Engine.StaticMeshActor Name:StaticMeshActor_UAID_E00AF68704C065DB01_1419496210 Label:NenesKitchen_rough SpatiallyLoaded:1 Bounds:IsValid=true, Min=(X=3001.010 Y=-1359.934 Z=2046.959), Max=(X=6957.156 Y=4345.788 Z=3247.795) RuntimeGrid:None EditorOnly:0 RuntimeOnly:0 HLODRelevant:1 ListedInSceneOutliner:1 IsMainWorldOnly:0
 |   |   |- [+] [  2]
 |   |   |   |- Guid:0B52B8D24F1AB9544EB964981F9C38F0 BaseClass: NativeClass:/Script/Engine.StaticMeshActor Name:StaticMeshActor_UAID_E00AF68704C051DD01_1636570811 Label:WallDecoration SpatiallyLoaded:1 Bounds:IsValid=true, Min=(X=41.500 Y=2286.500 Z=209.500), Max=(X=66.500 Y=2711.500 Z=384.500) RuntimeGrid:None EditorOnly:0 RuntimeOnly:0 HLODRelevant:1 ListedInSceneOutliner:1 IsMainWorldOnly:0
 |   |   |- [+] [  3]
 |   |   |   |- Guid:10A9B4854D0787DAAA6E47AD2299372A BaseClass: NativeClass:/Script/Engine.StaticMeshActor Name:StaticMeshActor_UAID_E00AF68704C047DD01_1279733031 Label:SideWall2 SpatiallyLoaded:1 Bounds:IsValid=true, Min=(X=2430.000 Y=-1082.000 Z=-50.500), Max=(X=2480.000 Y=4118.000 Z=474.500) RuntimeGrid:None EditorOnly:0 RuntimeOnly:0 HLODRelevant:1 ListedInSceneOutliner:1 IsMainWorldOnly:0
 |   |   |- [+] [  4]
 |   |   |   |- Guid:12C30BF94397297CC5A73EA3BA5B444B BaseClass:/Game/Interactable/BP_Board.BP_Board_C NativeClass:/Script/Engine.Actor Name:BP_Board_C_UAID_E00AF66AD68238D901_1083968167 Label:BP_Board SpatiallyLoaded:1 Bounds:IsValid=true, Min=(X=881.000 Y=1735.000 Z=64.000), Max=(X=993.000 Y=1847.000 Z=80.000) RuntimeGrid:None EditorOnly:0 RuntimeOnly:0 HLODRelevant:0 ListedInSceneOutliner:1 IsMainWorldOnly:0
 |   |   |- [+] [  5]
 |   |   |   |- Guid:1CD1533F49F31F6A4D4C408121053E78 BaseClass: NativeClass:/Script/Engine.StaticMeshActor Name:StaticMeshActor_UAID_E00AF68704C04FDD01_1312332446 Label:Shelf14 SpatiallyLoaded:1 Bounds:IsValid=true, Min=(X=2200.000 Y=544.000 Z=3.500), Max=(X=2500.000 Y=1144.000 Z=128.500) RuntimeGrid:None EditorOnly:0 RuntimeOnly:0 HLODRelevant:1 ListedInSceneOutliner:1 IsMainWorldOnly:0
 |   |   |- [+] [  6]
 |   |   |   |- Guid:1EA26FF6486D3B574FEED4851835F11F BaseClass:/Game/Characters/grandma-fighting/BP_Spline.BP_Spline_C NativeClass:/Script/Engine.Actor Name:BP_Spline_C_UAID_E00AF66AD68269D701_1207211679 Label:BP_Spline SpatiallyLoaded:1 Bounds:IsValid=true, Min=(X=885.119 Y=270.105 Z=-19.048), Max=(X=2140.349 Y=448.422 Z=171.831) RuntimeGrid:None EditorOnly:0 RuntimeOnly:0 HLODRelevant:0 ListedInSceneOutliner:1 IsMainWorldOnly:0
 |   |   |- [+] [  7]
 |   |   |   |- Guid:225B23B44572C6E01862D0A2A79A3E45 BaseClass: NativeClass:/Script/Engine.StaticMeshActor Name:StaticMeshActor_UAID_E00AF68704C04DDD01_1881622090 Label:Chair3 SpatiallyLoaded:1 Bounds:IsValid=true, Min=(X=1247.647 Y=1981.787 Z=9.500), Max=(X=1372.647 Y=2106.787 Z=184.500) RuntimeGrid:None EditorOnly:0 RuntimeOnly:0 HLODRelevant:1 ListedInSceneOutliner:1 IsMainWorldOnly:0
 |   |   |- [+] [  8]
 |   |   |   |- Guid:273EB35248F356CC8C5A37A87901D7BB BaseClass: NativeClass:/Script/Engine.StaticMeshActor Name:StaticMeshActor_UAID_E00AF68704C051DD01_1742688812 Label:WallDecoration2 SpatiallyLoaded:1 Bounds:IsValid=true, Min=(X=42.500 Y=169.500 Z=297.000), Max=(X=67.500 Y=594.500 Z=347.000) RuntimeGrid:None EditorOnly:0 RuntimeOnly:0 HLODRelevant:1 ListedInSceneOutliner:1 IsMainWorldOnly:0
 |   |   |- [+] [  9]
 |   |   |   |- Guid:2A8C800F4742A91C1496D68C47DD6615 BaseClass: NativeClass:/Script/Engine.StaticMeshActor Name:StaticMeshActor_UAID_E00AF68704C04FDD01_1330241447 Label:Shelf15 SpatiallyLoaded:1 Bounds:IsValid=true, Min=(X=2189.500 Y=300.000 Z=-21.500), Max=(X=2464.500 Y=550.000 Z=153.500) RuntimeGrid:None EditorOnly:0 RuntimeOnly:0 HLODRelevant:1 ListedInSceneOutliner:1 IsMainWorldOnly:0
 |   |   |- [+] [ 10]
 |   |   |   |- Guid:2C6D4857462D7C189909118085568439 BaseClass: NativeClass:/Script/Engine.StaticMeshActor Name:StaticMeshActor_UAID_E00AF68704C06CDB01_1353920455 Label:Shelf13 SpatiallyLoaded:1 Bounds:IsValid=true, Min=(X=738.000 Y=1122.750 Z=3.500), Max=(X=1338.000 Y=1347.750 Z=128.500) RuntimeGrid:None EditorOnly:0 RuntimeOnly:0 HLODRelevant:1 ListedInSceneOutliner:1 IsMainWorldOnly:0
 |   |   |- [+] [ 11]
 |   |   |   |- Guid:2D328F2747DF52B3A4AEC3B7BE9C1216 BaseClass: NativeClass:/Script/Engine.StaticMeshActor Name:StaticMeshActor_UAID_E00AF68704C04FDD01_1529705450 Label:Chair7 SpatiallyLoaded:1 Bounds:IsValid=true, Min=(X=1852.647 Y=1457.787 Z=19.500), Max=(X=1977.647 Y=1582.787 Z=94.500) RuntimeGrid:None EditorOnly:0 RuntimeOnly:0 HLODRelevant:1 ListedInSceneOutliner:1 IsMainWorldOnly:0
 |   |   |- [+] [ 12]
 |   |   |   |- Guid:2E0C4DBF4EC731689537B0BD693DD877 BaseClass:/Game/Interactable/BP_Table.BP_Table_C NativeClass:/Script/Engine.Actor Name:BP_Table_C_UAID_E00AF66AD682FDD801_1422165784 Label:BP_Table SpatiallyLoaded:1 Bounds:IsValid=true, Min=(X=1002.000 Y=576.000 Z=-6.000), Max=(X=1114.000 Y=688.000 Z=106.000) RuntimeGrid:None EditorOnly:0 RuntimeOnly:0 HLODRelevant:0 ListedInSceneOutliner:1 IsMainWorldOnly:0
 |   |   |- [+] [ 13]
 |   |   |   |- Guid:2ED2572C4B79117BA42639A7464B3A9D BaseClass: NativeClass:/Script/Engine.StaticMeshActor Name:StaticMeshActor_UAID_E00AF68704C050DD01_1365876631 Label:Shelf20 SpatiallyLoaded:1 Bounds:IsValid=true, Min=(X=699.000 Y=-123.000 Z=3.500), Max=(X=1299.000 Y=127.000 Z=128.500) RuntimeGrid:None EditorOnly:0 RuntimeOnly:0 HLODRelevant:1 ListedInSceneOutliner:1 IsMainWorldOnly:0
 |   |   |- [+] [ 14]
 |   |   |   |- Guid:2FB58999456391D349DC0F86DAC136ED BaseClass: NativeClass:/Script/Engine.SkyLight Name:SkyLight_1 Label:SkyLight SpatiallyLoaded:0 Bounds:IsValid=true, Min=(X=0.000 Y=0.000 Z=690.000), Max=(X=0.000 Y=0.000 Z=690.000) RuntimeGrid:None EditorOnly:0 RuntimeOnly:0 HLODRelevant:0 ListedInSceneOutliner:1 IsMainWorldOnly:0 FolderPath:Lighting FolderGuid:963EC3EB4002CCE9759E2EBA541A873A
 |   |   |- [+] [ 15]
 |   |   |   |- Guid:316CF2A6494ACA4C0E4180A87D36AB8F BaseClass: NativeClass:/Script/Engine.ExponentialHeightFog Name:ExponentialHeightFog_0 Label:ExponentialHeightFog SpatiallyLoaded:0 Bounds:IsValid=true, Min=(X=-5600.000 Y=-50.000 Z=-6850.000), Max=(X=-5600.000 Y=-50.000 Z=-6850.000) RuntimeGrid:None EditorOnly:0 RuntimeOnly:0 HLODRelevant:0 ListedInSceneOutliner:1 IsMainWorldOnly:0 FolderPath:Lighting FolderGuid:963EC3EB4002CCE9759E2EBA541A873A
 |   |   |- [+] [ 16]
 |   |   |   |- Guid:3A00AA1C422CE54C0BDB60BAF471BFBB BaseClass: NativeClass:/Script/Engine.PlayerStart Name:PlayerStart_0 Label:PlayerStart SpatiallyLoaded:0 Bounds:IsValid=true, Min=(X=860.000 Y=1070.000 Z=0.013), Max=(X=940.000 Y=1150.000 Z=184.013) RuntimeGrid:None EditorOnly:0 RuntimeOnly:0 HLODRelevant:0 ListedInSceneOutliner:1 IsMainWorldOnly:0
 |   |   |- [+] [ 17]
 |   |   |   |- Guid:4954A3EE45D59D10CDF20C9CA0042E1B BaseClass: NativeClass:/Script/Engine.StaticMeshActor Name:StaticMeshActor_UAID_E00AF68704C070DB01_1336357169 Label:Tables2 SpatiallyLoaded:1 Bounds:IsValid=true, Min=(X=146.654 Y=1634.476 Z=4.500), Max=(X=1071.654 Y=3234.476 Z=29.500) RuntimeGrid:None EditorOnly:0 RuntimeOnly:0 HLODRelevant:1 ListedInSceneOutliner:1 IsMainWorldOnly:0
 |   |   |- [+] [ 18]
 |   |   |   |- Guid:4D3BE93F4146AAAC8BBE79999D96D57F BaseClass: NativeClass:/Script/Engine.VolumetricCloud Name:VolumetricCloud_0 Label:VolumetricCloud SpatiallyLoaded:0 Bounds:IsValid=true, Min=(X=0.000 Y=0.000 Z=820.000), Max=(X=0.000 Y=0.000 Z=820.000) RuntimeGrid:None EditorOnly:0 RuntimeOnly:0 HLODRelevant:0 ListedInSceneOutliner:1 IsMainWorldOnly:0 FolderPath:Lighting FolderGuid:963EC3EB4002CCE9759E2EBA541A873A
 |   |   |- [+] [ 19]
 |   |   |   |- Guid:56B03BA64CD05B96497E28AF8781AC4D BaseClass: NativeClass:/Script/Engine.StaticMeshActor Name:StaticMeshActor_UAID_E00AF68704C047DD01_1358288032 Label:BackWalll2 SpatiallyLoaded:1 Bounds:IsValid=true, Min=(X=-641.500 Y=3099.000 Z=-52.500), Max=(X=2733.500 Y=3149.000 Z=472.500) RuntimeGrid:None EditorOnly:0 RuntimeOnly:0 HLODRelevant:1 ListedInSceneOutliner:1 IsMainWorldOnly:0
 |   |   |- [+] [ 20]
 |   |   |   |- Guid:5B97F4A64FB21F77EFC44386BF705B4C BaseClass: NativeClass:/Script/Engine.TextRenderActor Name:TextRenderActor_1 Label:TextRenderActor SpatiallyLoaded:1 Bounds:IsValid=true, Min=(X=199.900 Y=1100.000 Z=65.013), Max=(X=199.900 Y=2392.308 Z=215.013) RuntimeGrid:None EditorOnly:0 RuntimeOnly:0 HLODRelevant:0 ListedInSceneOutliner:1 IsMainWorldOnly:0
 |   |   |- [+] [ 21]
 |   |   |   |- Guid:5C6E80E247BA3D0716A96A97806C1E2A BaseClass: NativeClass:/Script/Engine.StaticMeshActor Name:StaticMeshActor_UAID_E00AF68704C051DD01_1922028815 Label:WallDecoration5 SpatiallyLoaded:1 Bounds:IsValid=true, Min=(X=2415.500 Y=2887.500 Z=303.000), Max=(X=2440.500 Y=2962.500 Z=403.000) RuntimeGrid:None EditorOnly:0 RuntimeOnly:0 HLODRelevant:1 ListedInSceneOutliner:1 IsMainWorldOnly:0
 |   |   |- [+] [ 22]
 |   |   |   |- Guid:61E7DF8A4B9AC65764F7F28314ECE000 BaseClass: NativeClass:/Script/Engine.StaticMeshActor Name:StaticMeshActor_UAID_E00AF68704C06CDB01_1417932456 Label:Fridge2 SpatiallyLoaded:1 Bounds:IsValid=true, Min=(X=513.500 Y=1118.500 Z=-3.000), Max=(X=738.500 Y=1343.500 Z=497.000) RuntimeGrid:None EditorOnly:0 RuntimeOnly:0 HLODRelevant:1 ListedInSceneOutliner:1 IsMainWorldOnly:0
 |   |   |- [+] [ 23]
 |   |   |   |- Guid:62F024EF4EE407BC111955BAB0DC5374 BaseClass: NativeClass:/Script/Engine.StaticMeshActor Name:StaticMeshActor_UAID_E00AF68704C04FDD01_1529707451 Label:Chair8 SpatiallyLoaded:1 Bounds:IsValid=true, Min=(X=1463.647 Y=1458.787 Z=19.500), Max=(X=1588.647 Y=1583.787 Z=94.500) RuntimeGrid:None EditorOnly:0 RuntimeOnly:0 HLODRelevant:1 ListedInSceneOutliner:1 IsMainWorldOnly:0
 |   |   |- [+] [ 24]
 |   |   |   |- Guid:63C72BBE4EC3EE7BB7A88F924AE70FEE BaseClass: NativeClass:/Script/Engine.StaticMeshActor Name:StaticMeshActor_UAID_E00AF68704C051DD01_1821293814 Label:WallDecoration4 SpatiallyLoaded:1 Bounds:IsValid=true, Min=(X=2317.000 Y=-129.500 Z=201.500), Max=(X=2367.000 Y=-104.500 Z=276.500) RuntimeGrid:None EditorOnly:0 RuntimeOnly:0 HLODRelevant:1 ListedInSceneOutliner:1 IsMainWorldOnly:0
 |   |   |- [+] [ 25]
 |   |   |   |- Guid:66F9AD10460B45B21DECB29C130B4B04 BaseClass: NativeClass:/Script/Engine.StaticMeshActor Name:StaticMeshActor_UAID_E00AF68704C06FDB01_2137959987 Label:Chair SpatiallyLoaded:1 Bounds:IsValid=true, Min=(X=1863.647 Y=1979.787 Z=9.500), Max=(X=1988.647 Y=2104.787 Z=184.500) RuntimeGrid:None EditorOnly:0 RuntimeOnly:0 HLODRelevant:1 ListedInSceneOutliner:1 IsMainWorldOnly:0
 |   |   |- [+] [ 26]
 |   |   |   |- Guid:6BAF4DDD444C60371492D3919DB42C97 BaseClass: NativeClass:/Script/Engine.WorldDataLayers Name:WorldDataLayers Label:WorldDataLayers SpatiallyLoaded:0 Bounds:IsValid=true, Min=(X=0.000 Y=0.000 Z=0.000), Max=(X=0.000 Y=0.000 Z=0.000) RuntimeGrid:None EditorOnly:0 RuntimeOnly:0 HLODRelevant:0 ListedInSceneOutliner:1 IsMainWorldOnly:1
 |   |   |- [+] [ 27]
 |   |   |   |- Guid:745A095B4BA4E157E4537FA63F5B7B43 BaseClass: NativeClass:/Script/Engine.StaticMeshActor Name:StaticMeshActor_2 Label:SM_ChamferCube SpatiallyLoaded:1 Bounds:IsValid=true, Min=(X=699.000 Y=2000.000 Z=18.013), Max=(X=799.000 Y=2100.000 Z=118.013) RuntimeGrid:None EditorOnly:0 RuntimeOnly:0 HLODRelevant:0 ListedInSceneOutliner:1 IsMainWorldOnly:0
 |   |   |- [+] [ 28]
 |   |   |   |- Guid:7661103D44172FF53FBC3E8061065808 BaseClass: NativeClass:/Script/Engine.StaticMeshActor Name:StaticMeshActor_UAID_E00AF68704C04FDD01_1717914453 Label:Shelf18 SpatiallyLoaded:1 Bounds:IsValid=true, Min=(X=1483.500 Y=-122.833 Z=3.500), Max=(X=2208.500 Y=127.167 Z=128.500) RuntimeGrid:None EditorOnly:0 RuntimeOnly:0 HLODRelevant:1 ListedInSceneOutliner:1 IsMainWorldOnly:0
 |   |   |- [+] [ 29]
 |   |   |   |- Guid:8B53B87B4121EBD7E4E64CBCD151B6F0 BaseClass: NativeClass:/Script/Engine.StaticMeshActor Name:StaticMeshActor_UAID_E00AF68704C04DDD01_1923659091 Label:Chair4 SpatiallyLoaded:1 Bounds:IsValid=true, Min=(X=1864.647 Y=2694.787 Z=9.500), Max=(X=1989.647 Y=2819.787 Z=184.500) RuntimeGrid:None EditorOnly:0 RuntimeOnly:0 HLODRelevant:1 ListedInSceneOutliner:1 IsMainWorldOnly:0
 |   |   |- [+] [ 30]
 |   |   |   |- Guid:914394A946202964D3C6CD9EED698A4F BaseClass: NativeClass:/Script/Engine.StaticMeshActor Name:StaticMeshActor_UAID_E00AF68704C050DD01_1483880633 Label:Shelf21 SpatiallyLoaded:1 Bounds:IsValid=true, Min=(X=341.500 Y=-91.000 Z=25.500), Max=(X=416.500 Y=9.000 Z=100.500) RuntimeGrid:None EditorOnly:0 RuntimeOnly:0 HLODRelevant:1 ListedInSceneOutliner:1 IsMainWorldOnly:0
 |   |   |- [+] [ 31]
 |   |   |   |- Guid:94D817D241B0FF281CB5A580E22B9F4B BaseClass: NativeClass:/Script/Engine.StaticMeshActor Name:StaticMeshActor_UAID_E00AF68704C051DD01_1955741816 Label:WallDecoration6 SpatiallyLoaded:1 Bounds:IsValid=true, Min=(X=2416.500 Y=2786.500 Z=228.000), Max=(X=2441.500 Y=2861.500 Z=328.000) RuntimeGrid:None EditorOnly:0 RuntimeOnly:0 HLODRelevant:1 ListedInSceneOutliner:1 IsMainWorldOnly:0
 |   |   |- [+] [ 32]
 |   |   |   |- Guid:97A69E9B4FFE795B09DFD19EBC7E078B BaseClass: NativeClass:/Script/Engine.StaticMeshActor Name:StaticMeshActor_UAID_E00AF68704C06CDB01_1339101453 Label:Shelf11 SpatiallyLoaded:1 Bounds:IsValid=true, Min=(X=1879.000 Y=1123.000 Z=3.500), Max=(X=2479.000 Y=1348.000 Z=128.500) RuntimeGrid:None EditorOnly:0 RuntimeOnly:0 HLODRelevant:1 ListedInSceneOutliner:1 IsMainWorldOnly:0
 |   |   |- [+] [ 33]
 |   |   |   |- Guid:9BFF363746062F457E2F92A4631DBA20 BaseClass: NativeClass:/Script/Engine.StaticMeshActor Name:StaticMeshActor_11 Label:SM_ChamferCube3 SpatiallyLoaded:1 Bounds:IsValid=true, Min=(X=481.699 Y=2271.699 Z=0.013), Max=(X=618.301 Y=2408.301 Z=100.013) RuntimeGrid:None EditorOnly:0 RuntimeOnly:0 HLODRelevant:0 ListedInSceneOutliner:1 IsMainWorldOnly:0
 |   |   |- [+] [ 34]
 |   |   |   |- Guid:A85C70F1434671C6225DCFB7BE547DC7 BaseClass:/Game/Interactable/Chest/BP_Chest.BP_Chest_C NativeClass:/Script/Engine.Actor Name:BP_Chest_C_UAID_E00AF66AD68235D901_2123611639 Label:BP_Chest SpatiallyLoaded:1 Bounds:IsValid=true, Min=(X=1101.000 Y=791.000 Z=-42.000), Max=(X=1245.000 Y=935.000 Z=102.000) RuntimeGrid:None EditorOnly:0 RuntimeOnly:0 HLODRelevant:0 ListedInSceneOutliner:1 IsMainWorldOnly:0
 |   |   |- [+] [ 35]
 |   |   |   |- Guid:AAC69D624D2E37125404AE8138BBBDFF BaseClass: NativeClass:/Script/Engine.StaticMeshActor Name:StaticMeshActor_UAID_E00AF68704C04DDD01_1923660092 Label:Chair5 SpatiallyLoaded:1 Bounds:IsValid=true, Min=(X=1552.647 Y=2695.787 Z=9.500), Max=(X=1677.647 Y=2820.787 Z=184.500) RuntimeGrid:None EditorOnly:0 RuntimeOnly:0 HLODRelevant:1 ListedInSceneOutliner:1 IsMainWorldOnly:0
 |   |   |- [+] [ 36]
 |   |   |   |- Guid:AB5668574038F79AC12E178A94FA4402 BaseClass: NativeClass:/Script/Engine.StaticMeshActor Name:StaticMeshActor_UAID_E00AF68704C04FDD01_1529708452 Label:Chair9 SpatiallyLoaded:1 Bounds:IsValid=true, Min=(X=1049.647 Y=1459.787 Z=19.500), Max=(X=1174.647 Y=1584.787 Z=94.500) RuntimeGrid:None EditorOnly:0 RuntimeOnly:0 HLODRelevant:1 ListedInSceneOutliner:1 IsMainWorldOnly:0
 |   |   |- [+] [ 37]
 |   |   |   |- Guid:B048E4EF49482301ABCF45B265519CFF BaseClass: NativeClass:/Script/Engine.StaticMeshActor Name:StaticMeshActor_UAID_E00AF68704C04FDD01_1365698448 Label:Shelf16 SpatiallyLoaded:1 Bounds:IsValid=true, Min=(X=2201.000 Y=-286.000 Z=3.500), Max=(X=2501.000 Y=314.000 Z=128.500) RuntimeGrid:None EditorOnly:0 RuntimeOnly:0 HLODRelevant:1 ListedInSceneOutliner:1 IsMainWorldOnly:0
 |   |   |- [+] [ 38]
 |   |   |   |- Guid:B06BF12C4CF259001E5892A647BE821B BaseClass: NativeClass:/Script/Engine.StaticMeshActor Name:StaticMeshActor_UAID_E00AF68704C06BDB01_1168689255 Label:Floor SpatiallyLoaded:1 Bounds:IsValid=true, Min=(X=-2.500 Y=-347.000 Z=-77.000), Max=(X=2572.500 Y=3353.000 Z=23.000) RuntimeGrid:None EditorOnly:0 RuntimeOnly:0 HLODRelevant:1 ListedInSceneOutliner:1 IsMainWorldOnly:0
 |   |   |- [+] [ 39]
 |   |   |   |- Guid:B25EF63A401BF6500F50F2A3803DBD9A BaseClass: NativeClass:/Script/LevelSequence.LevelSequenceActor Name:LevelSequenceActor_UAID_E00AF66AD6820AD901_1979307073 Label:Tryingsumout SpatiallyLoaded:0 Bounds:IsValid=true, Min=(X=844.000 Y=941.000 Z=-209.000), Max=(X=844.000 Y=941.000 Z=-209.000) RuntimeGrid:None EditorOnly:0 RuntimeOnly:0 HLODRelevant:0 ListedInSceneOutliner:1 IsMainWorldOnly:0
 |   |   |- [+] [ 40]
 |   |   |   |- Guid:B785ED2844B84CFB91E7F39FE661CD99 BaseClass: NativeClass:/Script/Engine.DirectionalLight Name:DirectionalLight_0 Label:DirectionalLight SpatiallyLoaded:0 Bounds:IsValid=true, Min=(X=-1048576.000 Y=-1048576.000 Z=-1048576.000), Max=(X=1048576.000 Y=1048576.000 Z=1048576.000) RuntimeGrid:None EditorOnly:0 RuntimeOnly:0 HLODRelevant:0 ListedInSceneOutliner:1 IsMainWorldOnly:0 FolderPath:Lighting FolderGuid:963EC3EB4002CCE9759E2EBA541A873A
 |   |   |- [+] [ 41]
 |   |   |   |- Guid:BA2E2CD24606DC43B56988B0A08B3E78 BaseClass: NativeClass:/Script/Engine.StaticMeshActor Name:StaticMeshActor_UAID_E00AF68704C04DDD01_1876932089 Label:Chair2 SpatiallyLoaded:1 Bounds:IsValid=true, Min=(X=1551.647 Y=1980.787 Z=9.500), Max=(X=1676.647 Y=2105.787 Z=184.500) RuntimeGrid:None EditorOnly:0 RuntimeOnly:0 HLODRelevant:1 ListedInSceneOutliner:1 IsMainWorldOnly:0
 |   |   |- [+] [ 42]
 |   |   |   |- Guid:BCF561F6470C4C08D9231CB85F87A093 BaseClass: NativeClass:/Script/Engine.StaticMeshActor Name:StaticMeshActor_UAID_E00AF68704C06BDB01_1530566260 Label:SideWall1 SpatiallyLoaded:1 Bounds:IsValid=true, Min=(X=-3.000 Y=-1083.000 Z=-50.500), Max=(X=47.000 Y=4117.000 Z=474.500) RuntimeGrid:None EditorOnly:0 RuntimeOnly:0 HLODRelevant:1 ListedInSceneOutliner:1 IsMainWorldOnly:0
 |   |   |- [+] [ 43]
 |   |   |   |- Guid:C637094546CDA851D5CCCDA83519C72A BaseClass: NativeClass:/Script/Engine.StaticMeshActor Name:StaticMeshActor_UAID_E00AF68704C050DD01_1317267630 Label:Shelf19 SpatiallyLoaded:1 Bounds:IsValid=true, Min=(X=1276.500 Y=-107.667 Z=-21.500), Max=(X=1501.500 Y=142.333 Z=153.500) RuntimeGrid:None EditorOnly:0 RuntimeOnly:0 HLODRelevant:1 ListedInSceneOutliner:1 IsMainWorldOnly:0
 |   |   |- [+] [ 44]
 |   |   |   |- Guid:C9654738479E421A48325292EF6B9D6C BaseClass:/Game/BP_Grabbable.BP_Grabbable_C NativeClass:/Script/Engine.Actor Name:BP_Grabbable_C_UAID_E00AF66AD682F1D801_1505001671 Label:BP_Grabbable SpatiallyLoaded:1 Bounds:IsValid=true, Min=(X=640.174 Y=785.000 Z=174.188), Max=(X=711.826 Y=865.000 Z=224.000) RuntimeGrid:None EditorOnly:0 RuntimeOnly:0 HLODRelevant:0 ListedInSceneOutliner:1 IsMainWorldOnly:0
 |   |   |- [+] [ 45]
 |   |   |   |- Guid:CC1478D34EF27FA2D986AB81A50B56E3 BaseClass: NativeClass:/Script/Engine.StaticMeshActor Name:StaticMeshActor_UAID_E00AF68704C06CDB01_1347151454 Label:Shelf12 SpatiallyLoaded:1 Bounds:IsValid=true, Min=(X=1304.000 Y=1122.500 Z=3.500), Max=(X=1904.000 Y=1347.500 Z=128.500) RuntimeGrid:None EditorOnly:0 RuntimeOnly:0 HLODRelevant:1 ListedInSceneOutliner:1 IsMainWorldOnly:0
 |   |   |- [+] [ 46]
 |   |   |   |- Guid:CCFF262C46EEFFDF319E7F9539CE697E BaseClass: NativeClass:/Script/Engine.SkyAtmosphere Name:SkyAtmosphere_0 Label:SkyAtmosphere SpatiallyLoaded:0 Bounds:IsValid=true, Min=(X=0.000 Y=0.000 Z=1020.000), Max=(X=0.000 Y=0.000 Z=1020.000) RuntimeGrid:None EditorOnly:0 RuntimeOnly:0 HLODRelevant:0 ListedInSceneOutliner:1 IsMainWorldOnly:0 FolderPath:Lighting FolderGuid:963EC3EB4002CCE9759E2EBA541A873A
 |   |   |- [+] [ 47]
 |   |   |   |- Guid:CFB075DE464894DF75AFE49C097F2933 BaseClass:/Game/Interactable/BP_Grabbable.BP_Grabbable_C NativeClass:/Script/Engine.Actor Name:BP_Grabbable_C_UAID_E00AF66AD682F1D801_1510183672 Label:BP_Grabbable2 SpatiallyLoaded:1 Bounds:IsValid=true, Min=(X=226.800 Y=448.613 Z=170.501), Max=(X=298.452 Y=528.613 Z=220.314) RuntimeGrid:None EditorOnly:0 RuntimeOnly:0 HLODRelevant:0 ListedInSceneOutliner:1 IsMainWorldOnly:0
 |   |   |- [+] [ 48]
 |   |   |   |- Guid:E01385524F5D5F0ACE430E81E910B11E BaseClass: NativeClass:/Script/Engine.StaticMeshActor Name:StaticMeshActor_UAID_E00AF68704C06FDB01_1938930986 Label:Tables SpatiallyLoaded:1 Bounds:IsValid=true, Min=(X=1182.654 Y=2182.476 Z=-15.000), Max=(X=2057.654 Y=2632.476 Z=135.000) RuntimeGrid:None EditorOnly:0 RuntimeOnly:0 HLODRelevant:1 ListedInSceneOutliner:1 IsMainWorldOnly:0
 |   |   |- [+] [ 49]
 |   |   |   |- Guid:E0FD6ED547EDE2E7B06644B773B649F6 BaseClass: NativeClass:/Script/Engine.StaticMeshActor Name:StaticMeshActor_UAID_E00AF68704C050DD01_1378917632 Label:Fridge3 SpatiallyLoaded:1 Bounds:IsValid=true, Min=(X=498.000 Y=-133.500 Z=22.500), Max=(X=698.000 Y=91.500 Z=297.500) RuntimeGrid:None EditorOnly:0 RuntimeOnly:0 HLODRelevant:1 ListedInSceneOutliner:1 IsMainWorldOnly:0
 |   |   |- [+] [ 50]
 |   |   |   |- Guid:E3CF250A434DBE437F66369E5431C70D BaseClass: NativeClass:/Script/Engine.StaticMeshActor Name:StaticMeshActor_UAID_E00AF68704C06BDB01_1434289259 Label:BackWalll SpatiallyLoaded:1 Bounds:IsValid=true, Min=(X=-642.500 Y=-166.000 Z=-52.500), Max=(X=2732.500 Y=-116.000 Z=472.500) RuntimeGrid:None EditorOnly:0 RuntimeOnly:0 HLODRelevant:1 ListedInSceneOutliner:1 IsMainWorldOnly:0
 |   |   |- [+] [ 51]
 |   |   |   |- Guid:E73E39994140315EB81324BF0A5D6400 BaseClass: NativeClass:/Script/Engine.StaticMeshActor Name:StaticMeshActor_10 Label:SM_ChamferCube2 SpatiallyLoaded:1 Bounds:IsValid=true, Min=(X=295.077 Y=2441.077 Z=0.013), Max=(X=410.923 Y=2556.923 Z=100.013) RuntimeGrid:None EditorOnly:0 RuntimeOnly:0 HLODRelevant:0 ListedInSceneOutliner:1 IsMainWorldOnly:0
 |   |   |- [+] [ 52]
 |   |   |   |- Guid:EC3FD028494F0803E038E3B6034924E2 BaseClass: NativeClass:/Script/Engine.StaticMeshActor Name:StaticMeshActor_UAID_E00AF68704C051DD01_2060250818 Label:Shelf23 SpatiallyLoaded:1 Bounds:IsValid=true, Min=(X=2401.000 Y=297.000 Z=142.000), Max=(X=2451.000 Y=547.000 Z=192.000) RuntimeGrid:None EditorOnly:0 RuntimeOnly:0 HLODRelevant:1 ListedInSceneOutliner:1 IsMainWorldOnly:0
 |   |   |- [+] [ 53]
 |   |   |   |- Guid:F23675224131CBEB23575F940B6C433A BaseClass:/Game/Interactable/BP_Grabbable_Child.BP_Grabbable_Child_C NativeClass:/Script/Engine.Actor Name:BP_Grabbable_Child_C_UAID_E00AF66AD68237D901_1679405992 Label:BP_Grabbable_Child2 SpatiallyLoaded:1 Bounds:IsValid=true, Min=(X=421.174 Y=722.000 Z=39.168), Max=(X=492.826 Y=802.000 Z=90.000) RuntimeGrid:None EditorOnly:0 RuntimeOnly:0 HLODRelevant:0 ListedInSceneOutliner:1 IsMainWorldOnly:0
 |   |   |- [+] [ 54]
 |   |   |   |- Guid:F5E3FEB3450C49844FD93DA8E083C8AD BaseClass: NativeClass:/Script/Engine.PostProcessVolume Name:PostProcessVolume_0 Label:PostProcessVolume SpatiallyLoaded:0 Bounds:IsValid=true, Min=(X=0.000 Y=0.000 Z=400.000), Max=(X=200.000 Y=200.000 Z=600.000) RuntimeGrid:None EditorOnly:0 RuntimeOnly:0 HLODRelevant:0 ListedInSceneOutliner:1 IsMainWorldOnly:0 FolderPath:Lighting FolderGuid:963EC3EB4002CCE9759E2EBA541A873A
 |   |   |- [+] [ 55]
 |   |   |   |- Guid:F88294944031A53DC4B8399A9FE0C5B8 BaseClass: NativeClass:/Script/Engine.StaticMeshActor Name:StaticMeshActor_UAID_E00AF68704C051DD01_1480981810 Label:Fridge4 SpatiallyLoaded:1 Bounds:IsValid=true, Min=(X=348.000 Y=3047.500 Z=22.500), Max=(X=598.000 Y=3172.500 Z=297.500) RuntimeGrid:None EditorOnly:0 RuntimeOnly:0 HLODRelevant:1 ListedInSceneOutliner:1 IsMainWorldOnly:0
 |   |   |- [+] [ 56]
 |   |   |   |- Guid:FE4DF3164E1E4258EE880D8F5BCE01E9 BaseClass: NativeClass:/Script/Engine.StaticMeshActor Name:StaticMeshActor_UAID_E00AF68704C04DDD01_1923661093 Label:Chair6 SpatiallyLoaded:1 Bounds:IsValid=true, Min=(X=1248.647 Y=2696.787 Z=9.500), Max=(X=1373.647 Y=2821.787 Z=184.500) RuntimeGrid:None EditorOnly:0 RuntimeOnly:0 HLODRelevant:1 ListedInSceneOutliner:1 IsMainWorldOnly:0
 |   |   |- [+] [ 57]
 |   |   |   |- Guid:FFA57A554E69BC61572ABE9FC4E4AD73 BaseClass: NativeClass:/Script/Engine.StaticMeshActor Name:StaticMeshActor_UAID_E00AF68704C051DD01_2003846817 Label:Shelf22 SpatiallyLoaded:1 Bounds:IsValid=true, Min=(X=1278.500 Y=-131.000 Z=139.000), Max=(X=1503.500 Y=-81.000 Z=189.000) RuntimeGrid:None EditorOnly:0 RuntimeOnly:0 HLODRelevant:1 ListedInSceneOutliner:1 IsMainWorldOnly:0
 |- ContainerInstances:
 |- [+] MainContainer:
 |   |-        ID: 00000000000000000000000000000000
 |   |-  ParentID: 00000000000000000000000000000000
 |   |-    Bounds: IsValid=false, Min=(X=0.000 Y=0.000 Z=0.000), Max=(X=0.000 Y=0.000 Z=0.000)
 |   |- Transform: 0.000000,0.000000,0.000000|0.000000,0.000000,-0.000000|1.000000,1.000000,1.000000
 |   |- Container: /Game/ThirdPerson/Maps/ThirdPersonMap
----------------------------------------------------------------------------------------------------------------
ThirdPersonMap - Persistent Level
----------------------------------------------------------------------------------------------------------------
[+] Content of ThirdPersonMap Persistent Level
 |- Always loaded Actor Count: 65 
 |- Actor Path: /Game/ThirdPerson/Maps/ThirdPersonMap.ThirdPersonMap:PersistentLevel.AbstractNavData-Default
 |- Actor Package: /Game/ThirdPerson/Maps/ThirdPersonMap
 |- Actor Path: /Game/ThirdPerson/Maps/ThirdPersonMap.ThirdPersonMap:PersistentLevel.BP_Board_C_UAID_E00AF66AD68238D901_1083968167
 |- Actor Package: /Game/__ExternalActors__/ThirdPerson/Maps/ThirdPersonMap/B/70/JGG7YSYZP301EYQHSBFRJ2
 |- Actor Path: /Game/ThirdPerson/Maps/ThirdPersonMap.ThirdPersonMap:PersistentLevel.BP_Chest_C_UAID_E00AF66AD68235D901_2123611639
 |- Actor Package: /Game/__ExternalActors__/ThirdPerson/Maps/ThirdPersonMap/E/DZ/SHE21G0814P8AKQOVIR0Z7
 |- Actor Path: /Game/ThirdPerson/Maps/ThirdPersonMap.ThirdPersonMap:PersistentLevel.BP_Grabbable_C_UAID_E00AF66AD682F1D801_1505001671
 |- Actor Package: /Game/__ExternalActors__/ThirdPerson/Maps/ThirdPersonMap/7/IE/4T3SX8AKMFISBBJR5I81XL
 |- Actor Path: /Game/ThirdPerson/Maps/ThirdPersonMap.ThirdPersonMap:PersistentLevel.BP_Grabbable_C_UAID_E00AF66AD682F1D801_1510183672
 |- Actor Package: /Game/__ExternalActors__/ThirdPerson/Maps/ThirdPersonMap/4/W7/DCX1MHHXT9T7WS61XV7WKC
 |- Actor Path: /Game/ThirdPerson/Maps/ThirdPersonMap.ThirdPersonMap:PersistentLevel.BP_Grabbable_Child_C_UAID_E00AF66AD68237D901_1679405992
 |- Actor Package: /Game/__ExternalActors__/ThirdPerson/Maps/ThirdPersonMap/7/7J/PZC9IXVM0QWYQYRWOJ6RWA
 |- Actor Path: /Game/ThirdPerson/Maps/ThirdPersonMap.ThirdPersonMap:PersistentLevel.BP_Spline_C_UAID_E00AF66AD68269D701_1207211679
 |- Actor Package: /Game/__ExternalActors__/ThirdPerson/Maps/ThirdPersonMap/E/T5/MWAOZM7Y7LST52EW070BFQ
 |- Actor Path: /Game/ThirdPerson/Maps/ThirdPersonMap.ThirdPersonMap:PersistentLevel.BP_Table_C_UAID_E00AF66AD682FDD801_1422165784
 |- Actor Package: /Game/__ExternalActors__/ThirdPerson/Maps/ThirdPersonMap/4/B7/8CBCI7LPCORT795ND9IMBO
 |- Actor Path: /Game/ThirdPerson/Maps/ThirdPersonMap.ThirdPersonMap:PersistentLevel.Brush_0
 |- Actor Package: /Game/ThirdPerson/Maps/ThirdPersonMap
 |- Actor Path: /Game/ThirdPerson/Maps/ThirdPersonMap.ThirdPersonMap:PersistentLevel.DefaultPhysicsVolume_0
 |- Actor Package: /Game/ThirdPerson/Maps/ThirdPersonMap
 |- Actor Path: /Game/ThirdPerson/Maps/ThirdPersonMap.ThirdPersonMap:PersistentLevel.DirectionalLight_0
 |- Actor Package: /Game/__ExternalActors__/ThirdPerson/Maps/ThirdPersonMap/5/R1/TS5OQ5CRUWFZYL1ZQ7I416
 |- Actor Path: /Game/ThirdPerson/Maps/ThirdPersonMap.ThirdPersonMap:PersistentLevel.ExponentialHeightFog_0
 |- Actor Package: /Game/__ExternalActors__/ThirdPerson/Maps/ThirdPersonMap/6/J7/N10XDC9G27EMLS5AGZ6AVV
 |- Actor Path: /Game/ThirdPerson/Maps/ThirdPersonMap.ThirdPersonMap:PersistentLevel.GameplayDebuggerPlayerManager_0
 |- Actor Package: /Game/ThirdPerson/Maps/ThirdPersonMap
 |- Actor Path: /Game/ThirdPerson/Maps/ThirdPersonMap.ThirdPersonMap:PersistentLevel.LevelSequenceActor_UAID_E00AF66AD6820AD901_1979307073
 |- Actor Package: /Game/__ExternalActors__/ThirdPerson/Maps/ThirdPersonMap/5/GJ/QVKWVOC7F0VT1HY7VLAWJD
 |- Actor Path: /Game/ThirdPerson/Maps/ThirdPersonMap.ThirdPersonMap:PersistentLevel.PlayerStart_0
 |- Actor Package: /Game/__ExternalActors__/ThirdPerson/Maps/ThirdPersonMap/D/DE/SWSI13675DVYIZ0N4NF7Y3
 |- Actor Path: /Game/ThirdPerson/Maps/ThirdPersonMap.ThirdPersonMap:PersistentLevel.PostProcessVolume_0
 |- Actor Package: /Game/__ExternalActors__/ThirdPerson/Maps/ThirdPersonMap/1/AZ/A7GPT109Y6ZTTJD4A7TXER
 |- Actor Path: /Game/ThirdPerson/Maps/ThirdPersonMap.ThirdPersonMap:PersistentLevel.SkyAtmosphere_0
 |- Actor Package: /Game/__ExternalActors__/ThirdPerson/Maps/ThirdPersonMap/4/LN/30UBDLYFFA5ZR7U4W4L4GG
 |- Actor Path: /Game/ThirdPerson/Maps/ThirdPersonMap.ThirdPersonMap:PersistentLevel.SkyLight_1
 |- Actor Package: /Game/__ExternalActors__/ThirdPerson/Maps/ThirdPersonMap/8/S1/DXUWD12MD3HRWVVXX076BY
 |- Actor Path: /Game/ThirdPerson/Maps/ThirdPersonMap.ThirdPersonMap:PersistentLevel.StaticMeshActor_2
 |- Actor Package: /Game/__ExternalActors__/ThirdPerson/Maps/ThirdPersonMap/E/8O/GK06JAEJ82TQ0GA2QB0DJG
 |- Actor Path: /Game/ThirdPerson/Maps/ThirdPersonMap.ThirdPersonMap:PersistentLevel.StaticMeshActor_10
 |- Actor Package: /Game/__ExternalActors__/ThirdPerson/Maps/ThirdPersonMap/1/HL/XWFFRCIJ8QK4NRO30ALA6J
 |- Actor Path: /Game/ThirdPerson/Maps/ThirdPersonMap.ThirdPersonMap:PersistentLevel.StaticMeshActor_11
 |- Actor Package: /Game/__ExternalActors__/ThirdPerson/Maps/ThirdPersonMap/5/7E/BEYC27T14FHBU6LF2F60RR
 |- Actor Path: /Game/ThirdPerson/Maps/ThirdPersonMap.ThirdPersonMap:PersistentLevel.StaticMeshActor_UAID_E00AF68704C047DD01_1279733031
 |- Actor Package: /Game/__ExternalActors__/ThirdPerson/Maps/ThirdPersonMap/5/OW/5CRPIW9NSJDDS7U90A5SR6
 |- Actor Path: /Game/ThirdPerson/Maps/ThirdPersonMap.ThirdPersonMap:PersistentLevel.StaticMeshActor_UAID_E00AF68704C047DD01_1358288032
 |- Actor Package: /Game/__ExternalActors__/ThirdPerson/Maps/ThirdPersonMap/A/JU/ODG9PKDZ5YYJK4HZTGNK26
 |- Actor Path: /Game/ThirdPerson/Maps/ThirdPersonMap.ThirdPersonMap:PersistentLevel.StaticMeshActor_UAID_E00AF68704C04DDD01_1876932089
 |- Actor Package: /Game/__ExternalActors__/ThirdPerson/Maps/ThirdPersonMap/D/6C/6NL67UUTAL1LVUQAOIUV54
 |- Actor Path: /Game/ThirdPerson/Maps/ThirdPersonMap.ThirdPersonMap:PersistentLevel.StaticMeshActor_UAID_E00AF68704C04DDD01_1881622090
 |- Actor Package: /Game/__ExternalActors__/ThirdPerson/Maps/ThirdPersonMap/A/G4/V9VNDT6DYLU8RAXZ2P5ELN
 |- Actor Path: /Game/ThirdPerson/Maps/ThirdPersonMap.ThirdPersonMap:PersistentLevel.StaticMeshActor_UAID_E00AF68704C04DDD01_1923659091
 |- Actor Package: /Game/__ExternalActors__/ThirdPerson/Maps/ThirdPersonMap/7/SQ/4I6T73Q70R4T7ODUGFYW1Z
 |- Actor Path: /Game/ThirdPerson/Maps/ThirdPersonMap.ThirdPersonMap:PersistentLevel.StaticMeshActor_UAID_E00AF68704C04DDD01_1923660092
 |- Actor Package: /Game/__ExternalActors__/ThirdPerson/Maps/ThirdPersonMap/2/QG/EKFFCHLSZRDVLMB7OGUFXD
 |- Actor Path: /Game/ThirdPerson/Maps/ThirdPersonMap.ThirdPersonMap:PersistentLevel.StaticMeshActor_UAID_E00AF68704C04DDD01_1923661093
 |- Actor Package: /Game/__ExternalActors__/ThirdPerson/Maps/ThirdPersonMap/4/L4/1VCBG0RNGJEFMBJE4VPVU3
 |- Actor Path: /Game/ThirdPerson/Maps/ThirdPersonMap.ThirdPersonMap:PersistentLevel.StaticMeshActor_UAID_E00AF68704C04FDD01_1312332446
 |- Actor Package: /Game/__ExternalActors__/ThirdPerson/Maps/ThirdPersonMap/5/AI/NX1O5Y77RAMWE8XOM1INTT
 |- Actor Path: /Game/ThirdPerson/Maps/ThirdPersonMap.ThirdPersonMap:PersistentLevel.StaticMeshActor_UAID_E00AF68704C04FDD01_1330241447
 |- Actor Package: /Game/__ExternalActors__/ThirdPerson/Maps/ThirdPersonMap/9/1S/J8GV4D1DJ40RNV7YLM0BSQ
 |- Actor Path: /Game/ThirdPerson/Maps/ThirdPersonMap.ThirdPersonMap:PersistentLevel.StaticMeshActor_UAID_E00AF68704C04FDD01_1365698448
 |- Actor Package: /Game/__ExternalActors__/ThirdPerson/Maps/ThirdPersonMap/E/1Q/F9R8MAZF4ZASACLZ78KQFE
 |- Actor Path: /Game/ThirdPerson/Maps/ThirdPersonMap.ThirdPersonMap:PersistentLevel.StaticMeshActor_UAID_E00AF68704C04FDD01_1529705450
 |- Actor Package: /Game/__ExternalActors__/ThirdPerson/Maps/ThirdPersonMap/0/JH/I4HI7JDHMPM65E4HX8V5SY
 |- Actor Path: /Game/ThirdPerson/Maps/ThirdPersonMap.ThirdPersonMap:PersistentLevel.StaticMeshActor_UAID_E00AF68704C04FDD01_1529707451
 |- Actor Package: /Game/__ExternalActors__/ThirdPerson/Maps/ThirdPersonMap/6/IK/WIAIELAHHU6SGGVRWRC4P9
 |- Actor Path: /Game/ThirdPerson/Maps/ThirdPersonMap.ThirdPersonMap:PersistentLevel.StaticMeshActor_UAID_E00AF68704C04FDD01_1529708452
 |- Actor Package: /Game/__ExternalActors__/ThirdPerson/Maps/ThirdPersonMap/0/JK/TCWB9Y9ADU4XGYVJA7AYUF
 |- Actor Path: /Game/ThirdPerson/Maps/ThirdPersonMap.ThirdPersonMap:PersistentLevel.StaticMeshActor_UAID_E00AF68704C04FDD01_1717914453
 |- Actor Package: /Game/__ExternalActors__/ThirdPerson/Maps/ThirdPersonMap/C/7P/01EQX67NQRZLIR3D1UKHYM
 |- Actor Path: /Game/ThirdPerson/Maps/ThirdPersonMap.ThirdPersonMap:PersistentLevel.StaticMeshActor_UAID_E00AF68704C050DD01_1317267630
 |- Actor Package: /Game/__ExternalActors__/ThirdPerson/Maps/ThirdPersonMap/A/YE/RT6MV6XR552VUEJK7U5Y2X
 |- Actor Path: /Game/ThirdPerson/Maps/ThirdPersonMap.ThirdPersonMap:PersistentLevel.StaticMeshActor_UAID_E00AF68704C050DD01_1365876631
 |- Actor Package: /Game/__ExternalActors__/ThirdPerson/Maps/ThirdPersonMap/A/QU/FTS0002KQ85VPDGNNOCM3A
 |- Actor Path: /Game/ThirdPerson/Maps/ThirdPersonMap.ThirdPersonMap:PersistentLevel.StaticMeshActor_UAID_E00AF68704C050DD01_1378917632
 |- Actor Package: /Game/__ExternalActors__/ThirdPerson/Maps/ThirdPersonMap/B/0X/3LVOADU2AGJPN7K9SEZJ7E
 |- Actor Path: /Game/ThirdPerson/Maps/ThirdPersonMap.ThirdPersonMap:PersistentLevel.StaticMeshActor_UAID_E00AF68704C050DD01_1483880633
 |- Actor Package: /Game/__ExternalActors__/ThirdPerson/Maps/ThirdPersonMap/B/6A/YBWK75CKFZ00VP31WR9MA6
 |- Actor Path: /Game/ThirdPerson/Maps/ThirdPersonMap.ThirdPersonMap:PersistentLevel.StaticMeshActor_UAID_E00AF68704C051DD01_1480981810
 |- Actor Package: /Game/__ExternalActors__/ThirdPerson/Maps/ThirdPersonMap/4/O1/DT0OQXYRSEC5M98FIDI0XJ
 |- Actor Path: /Game/ThirdPerson/Maps/ThirdPersonMap.ThirdPersonMap:PersistentLevel.StaticMeshActor_UAID_E00AF68704C051DD01_1636570811
 |- Actor Package: /Game/__ExternalActors__/ThirdPerson/Maps/ThirdPersonMap/3/JR/STFFV6L2D96WVKC3ZN0DCI
 |- Actor Path: /Game/ThirdPerson/Maps/ThirdPersonMap.ThirdPersonMap:PersistentLevel.StaticMeshActor_UAID_E00AF68704C051DD01_1742688812
 |- Actor Package: /Game/__ExternalActors__/ThirdPerson/Maps/ThirdPersonMap/6/LE/XC11V891YJDPR8R4JC801V
 |- Actor Path: /Game/ThirdPerson/Maps/ThirdPersonMap.ThirdPersonMap:PersistentLevel.StaticMeshActor_UAID_E00AF68704C051DD01_1777603813
 |- Actor Package: /Game/__ExternalActors__/ThirdPerson/Maps/ThirdPersonMap/1/CS/ZFODQVM7UYSXL3TKBMCAE5
 |- Actor Path: /Game/ThirdPerson/Maps/ThirdPersonMap.ThirdPersonMap:PersistentLevel.StaticMeshActor_UAID_E00AF68704C051DD01_1821293814
 |- Actor Package: /Game/__ExternalActors__/ThirdPerson/Maps/ThirdPersonMap/8/CP/XNJK1VL95ODKICE5EKYFLM
 |- Actor Path: /Game/ThirdPerson/Maps/ThirdPersonMap.ThirdPersonMap:PersistentLevel.StaticMeshActor_UAID_E00AF68704C051DD01_1922028815
 |- Actor Package: /Game/__ExternalActors__/ThirdPerson/Maps/ThirdPersonMap/1/LP/0V49C5PWJQIJ6I53EM7VAP
 |- Actor Path: /Game/ThirdPerson/Maps/ThirdPersonMap.ThirdPersonMap:PersistentLevel.StaticMeshActor_UAID_E00AF68704C051DD01_1955741816
 |- Actor Package: /Game/__ExternalActors__/ThirdPerson/Maps/ThirdPersonMap/9/TS/A0RU0QS1RJFJXB3HY626XH
 |- Actor Path: /Game/ThirdPerson/Maps/ThirdPersonMap.ThirdPersonMap:PersistentLevel.StaticMeshActor_UAID_E00AF68704C051DD01_2003846817
 |- Actor Package: /Game/__ExternalActors__/ThirdPerson/Maps/ThirdPersonMap/7/C6/HF9DZYG0PJJWI1HAQAYUO7
 |- Actor Path: /Game/ThirdPerson/Maps/ThirdPersonMap.ThirdPersonMap:PersistentLevel.StaticMeshActor_UAID_E00AF68704C051DD01_2060250818
 |- Actor Package: /Game/__ExternalActors__/ThirdPerson/Maps/ThirdPersonMap/E/AF/DXBTKTX1I7UW5SWC5MQJ04
 |- Actor Path: /Game/ThirdPerson/Maps/ThirdPersonMap.ThirdPersonMap:PersistentLevel.StaticMeshActor_UAID_E00AF68704C065DB01_1419496210
 |- Actor Package: /Game/__ExternalActors__/ThirdPerson/Maps/ThirdPersonMap/1/G7/VZN3162MZY0PBPP6F620Y7
 |- Actor Path: /Game/ThirdPerson/Maps/ThirdPersonMap.ThirdPersonMap:PersistentLevel.StaticMeshActor_UAID_E00AF68704C06BDB01_1168689255
 |- Actor Package: /Game/__ExternalActors__/ThirdPerson/Maps/ThirdPersonMap/2/FW/DJPOS6PVOBJXRSKHBPBC23
 |- Actor Path: /Game/ThirdPerson/Maps/ThirdPersonMap.ThirdPersonMap:PersistentLevel.StaticMeshActor_UAID_E00AF68704C06BDB01_1434289259
 |- Actor Package: /Game/__ExternalActors__/ThirdPerson/Maps/ThirdPersonMap/A/NM/CQP1OK39WPZTSL6ZNG4W1J
 |- Actor Path: /Game/ThirdPerson/Maps/ThirdPersonMap.ThirdPersonMap:PersistentLevel.StaticMeshActor_UAID_E00AF68704C06BDB01_1530566260
 |- Actor Package: /Game/__ExternalActors__/ThirdPerson/Maps/ThirdPersonMap/2/9G/0O9VNTWPPZUYGF6IBNFTOV
 |- Actor Path: /Game/ThirdPerson/Maps/ThirdPersonMap.ThirdPersonMap:PersistentLevel.StaticMeshActor_UAID_E00AF68704C06CDB01_1339101453
 |- Actor Package: /Game/__ExternalActors__/ThirdPerson/Maps/ThirdPersonMap/C/DW/6HQZIS7N3BTQ6COHJ9V3GL
 |- Actor Path: /Game/ThirdPerson/Maps/ThirdPersonMap.ThirdPersonMap:PersistentLevel.StaticMeshActor_UAID_E00AF68704C06CDB01_1347151454
 |- Actor Package: /Game/__ExternalActors__/ThirdPerson/Maps/ThirdPersonMap/7/TY/RM0PSZJMDC8S7WMJ13VEE6
 |- Actor Path: /Game/ThirdPerson/Maps/ThirdPersonMap.ThirdPersonMap:PersistentLevel.StaticMeshActor_UAID_E00AF68704C06CDB01_1353920455
 |- Actor Package: /Game/__ExternalActors__/ThirdPerson/Maps/ThirdPersonMap/A/M5/3HC95WMAYPB6CRD1FGF6EE
 |- Actor Path: /Game/ThirdPerson/Maps/ThirdPersonMap.ThirdPersonMap:PersistentLevel.StaticMeshActor_UAID_E00AF68704C06CDB01_1417932456
 |- Actor Package: /Game/__ExternalActors__/ThirdPerson/Maps/ThirdPersonMap/D/F8/8YOKKIVAW46UXPM2T8QHK6
 |- Actor Path: /Game/ThirdPerson/Maps/ThirdPersonMap.ThirdPersonMap:PersistentLevel.StaticMeshActor_UAID_E00AF68704C06FDB01_1938930986
 |- Actor Package: /Game/__ExternalActors__/ThirdPerson/Maps/ThirdPersonMap/1/10/JKCSD14P1BTYBJ88HDGR3Z
 |- Actor Path: /Game/ThirdPerson/Maps/ThirdPersonMap.ThirdPersonMap:PersistentLevel.StaticMeshActor_UAID_E00AF68704C06FDB01_2137959987
 |- Actor Package: /Game/__ExternalActors__/ThirdPerson/Maps/ThirdPersonMap/6/AI/VEOFNZ9JWFY4F9WAF4686M
 |- Actor Path: /Game/ThirdPerson/Maps/ThirdPersonMap.ThirdPersonMap:PersistentLevel.StaticMeshActor_UAID_E00AF68704C070DB01_1336357169
 |- Actor Package: /Game/__ExternalActors__/ThirdPerson/Maps/ThirdPersonMap/8/RV/GW9R0M01TLAOXZICI8NU5P
 |- Actor Path: /Game/ThirdPerson/Maps/ThirdPersonMap.ThirdPersonMap:PersistentLevel.TextRenderActor_1
 |- Actor Package: /Game/__ExternalActors__/ThirdPerson/Maps/ThirdPersonMap/1/WU/NB37RT5Q32Z8MJWD8BD2SO
 |- Actor Path: /Game/ThirdPerson/Maps/ThirdPersonMap.ThirdPersonMap:PersistentLevel.ThirdPersonMap_C_16
 |- Actor Package: /Game/ThirdPerson/Maps/ThirdPersonMap
 |- Actor Path: /Game/ThirdPerson/Maps/ThirdPersonMap.ThirdPersonMap:PersistentLevel.VolumetricCloud_0
 |- Actor Package: /Game/__ExternalActors__/ThirdPerson/Maps/ThirdPersonMap/3/EY/87SHEJN5UBEAN2K5OV1G6R
 |- Actor Path: /Game/ThirdPerson/Maps/ThirdPersonMap.ThirdPersonMap:PersistentLevel.WorldDataLayers
 |- Actor Package: /Game/__ExternalActors__/ThirdPerson/Maps/ThirdPersonMap/0/43/HYQWORMY4JDQ5X3OKZXFLC
 |- Actor Path: /Game/ThirdPerson/Maps/ThirdPersonMap.ThirdPersonMap:PersistentLevel.WorldInfo_0
 |- Actor Package: /Game/ThirdPerson/Maps/ThirdPersonMap
 |- Actor Path: /Game/ThirdPerson/Maps/ThirdPersonMap.ThirdPersonMap:PersistentLevel.WorldPartitionMiniMap_0
 |- Actor Package: /Game/__ExternalActors__/ThirdPerson/Maps/ThirdPersonMap/E/FR/LBG6LPN5JCL3FMVSI2CK6R

----------------------------------------------------------------------------------------------------------------
ThirdPersonMap - Runtime Spatial Hash - Streaming Grid - MainGrid
----------------------------------------------------------------------------------------------------------------
            Origin: X=0.000 Y=0.000 Z=0.000
         Cell Size: 12800
      World Bounds: IsValid=false, Min=(X=0.000 Y=0.000 Z=0.000), Max=(X=0.000 Y=0.000 Z=0.000)
     Loading Range: 25600.00
Block Slow Loading: No
 ClientOnlyVisible: No
            Origin: X=0.000 Y=0.000 Z=0.000

[+] Grid Levels: 1
 |- Level  0: Cell Count    0 | Cell Size   12800 | Actor Count    0 (0.0%)

[+] Content of Grid Level 0

